0	100	M100:ATTITUDE.roll	-0.0361901
4	100	M100:ATTITUDE.roll	-0.0360847
10	100	M100:ATTITUDE.roll	-0.0361821
14	100	M100:ATTITUDE.roll	-0.036365
20	100	M100:ATTITUDE.roll	-0.0366948
24	100	M100:ATTITUDE.roll	-0.0368859
30	100	M100:ATTITUDE.roll	-0.0367153
34	100	M100:ATTITUDE.roll	-0.0366227
1022	100	M100:ATTITUDE.roll	-0.0364629
1026	100	M100:ATTITUDE.roll	-0.0365039
1032	100	M100:ATTITUDE.roll	-0.0363957
1036	100	M100:ATTITUDE.roll	-0.0364543
1042	100	M100:ATTITUDE.roll	-0.0365203
1046	100	M100:ATTITUDE.roll	-0.0365579
1052	100	M100:ATTITUDE.roll	-0.0365318
1056	100	M100:ATTITUDE.roll	-0.0366606
1062	100	M100:ATTITUDE.roll	-0.0365584
1066	100	M100:ATTITUDE.roll	-0.0365072
1072	100	M100:ATTITUDE.roll	-0.0364116
1076	100	M100:ATTITUDE.roll	-0.0363196
1082	100	M100:ATTITUDE.roll	-0.0358498
1086	100	M100:ATTITUDE.roll	-0.0358341
1092	100	M100:ATTITUDE.roll	-0.0359932
1096	100	M100:ATTITUDE.roll	-0.0360585
1102	100	M100:ATTITUDE.roll	-0.0357976
1106	100	M100:ATTITUDE.roll	-0.0361059
1112	100	M100:ATTITUDE.roll	-0.0361811
1116	100	M100:ATTITUDE.roll	-0.0363016
1945	100	M100:ATTITUDE.roll	-0.0361369
1949	100	M100:ATTITUDE.roll	-0.0360741
1955	100	M100:ATTITUDE.roll	-0.0359819
1959	100	M100:ATTITUDE.roll	-0.0363176
1965	100	M100:ATTITUDE.roll	-0.0363286
1969	100	M100:ATTITUDE.roll	-0.0364164
1975	100	M100:ATTITUDE.roll	-0.0366416
1979	100	M100:ATTITUDE.roll	-0.03656
1985	100	M100:ATTITUDE.roll	-0.0367141
1989	100	M100:ATTITUDE.roll	-0.0367858
1995	100	M100:ATTITUDE.roll	-0.0371181
1999	100	M100:ATTITUDE.roll	-0.0369365
2005	100	M100:ATTITUDE.roll	-0.0367783
2009	100	M100:ATTITUDE.roll	-0.0369177
2015	100	M100:ATTITUDE.roll	-0.0371099
2019	100	M100:ATTITUDE.roll	-0.0368772
2025	100	M100:ATTITUDE.roll	-0.0364095
2029	100	M100:ATTITUDE.roll	-0.0362223
2035	100	M100:ATTITUDE.roll	-0.0361367
2039	100	M100:ATTITUDE.roll	-0.0362945
3022	100	M100:ATTITUDE.roll	-0.0370988
3026	100	M100:ATTITUDE.roll	-0.0373487
3032	100	M100:ATTITUDE.roll	-0.0375594
3036	100	M100:ATTITUDE.roll	-0.0375175
3042	100	M100:ATTITUDE.roll	-0.0371327
3046	100	M100:ATTITUDE.roll	-0.0368092
3052	100	M100:ATTITUDE.roll	-0.036421
3056	100	M100:ATTITUDE.roll	-0.0364076
3062	100	M100:ATTITUDE.roll	-0.036726
3066	100	M100:ATTITUDE.roll	-0.0371822
3072	100	M100:ATTITUDE.roll	-0.0374606
3076	100	M100:ATTITUDE.roll	-0.0374668
3082	100	M100:ATTITUDE.roll	-0.0374055
3086	100	M100:ATTITUDE.roll	-0.0370268
3092	100	M100:ATTITUDE.roll	-0.0365566
3096	100	M100:ATTITUDE.roll	-0.0364713
3102	100	M100:ATTITUDE.roll	-0.0362365
3106	100	M100:ATTITUDE.roll	-0.0363438
3112	100	M100:ATTITUDE.roll	-0.0369012
3116	100	M100:ATTITUDE.roll	-0.0374718
4118	100	M100:ATTITUDE.roll	-0.037819
4122	100	M100:ATTITUDE.roll	-0.0378784
4128	100	M100:ATTITUDE.roll	-0.0375377
4132	100	M100:ATTITUDE.roll	-0.0374838
4138	100	M100:ATTITUDE.roll	-0.0375581
4142	100	M100:ATTITUDE.roll	-0.0377126
4148	100	M100:ATTITUDE.roll	-0.0378356
4152	100	M100:ATTITUDE.roll	-0.0380714
4158	100	M100:ATTITUDE.roll	-0.0388804
4162	100	M100:ATTITUDE.roll	-0.0394793
4168	100	M100:ATTITUDE.roll	-0.0396506
4172	100	M100:ATTITUDE.roll	-0.0395647
4178	100	M100:ATTITUDE.roll	-0.0392152
4182	100	M100:ATTITUDE.roll	-0.0391844
4188	100	M100:ATTITUDE.roll	-0.0390224
4192	100	M100:ATTITUDE.roll	-0.0391854
4198	100	M100:ATTITUDE.roll	-0.0394848
4202	100	M100:ATTITUDE.roll	-0.0397968
4208	100	M100:ATTITUDE.roll	-0.0401204
4212	100	M100:ATTITUDE.roll	-0.0401467
5022	100	M100:ATTITUDE.roll	-0.0399771
5026	100	M100:ATTITUDE.roll	-0.0396989
5032	100	M100:ATTITUDE.roll	-0.0393707
5036	100	M100:ATTITUDE.roll	-0.0395471
5042	100	M100:ATTITUDE.roll	-0.0398346
5046	100	M100:ATTITUDE.roll	-0.0404203
5052	100	M100:ATTITUDE.roll	-0.0404439
5056	100	M100:ATTITUDE.roll	-0.0403773
5062	100	M100:ATTITUDE.roll	-0.0397714
5066	100	M100:ATTITUDE.roll	-0.0397597
5072	100	M100:ATTITUDE.roll	-0.0398175
5076	100	M100:ATTITUDE.roll	-0.0397901
5082	100	M100:ATTITUDE.roll	-0.0400841
5086	100	M100:ATTITUDE.roll	-0.0404939
5092	100	M100:ATTITUDE.roll	-0.0403657
5096	100	M100:ATTITUDE.roll	-0.0396883
5102	100	M100:ATTITUDE.roll	-0.0390915
5106	100	M100:ATTITUDE.roll	-0.038608
5112	100	M100:ATTITUDE.roll	-0.0389788
5116	100	M100:ATTITUDE.roll	-0.0390949
5945	100	M100:ATTITUDE.roll	-0.0390384
5949	100	M100:ATTITUDE.roll	-0.0391815
5955	100	M100:ATTITUDE.roll	-0.0392452
5959	100	M100:ATTITUDE.roll	-0.0391313
5965	100	M100:ATTITUDE.roll	-0.0389301
5969	100	M100:ATTITUDE.roll	-0.0389208
5975	100	M100:ATTITUDE.roll	-0.0389733
5979	100	M100:ATTITUDE.roll	-0.0388443
5985	100	M100:ATTITUDE.roll	-0.0387042
5989	100	M100:ATTITUDE.roll	-0.0384568
5995	100	M100:ATTITUDE.roll	-0.0382257
5999	100	M100:ATTITUDE.roll	-0.038191
6005	100	M100:ATTITUDE.roll	-0.0372162
6009	100	M100:ATTITUDE.roll	-0.0365705
6015	100	M100:ATTITUDE.roll	-0.0361556
6019	100	M100:ATTITUDE.roll	-0.0363908
6025	100	M100:ATTITUDE.roll	-0.0376253
6029	100	M100:ATTITUDE.roll	-0.0380975
6035	100	M100:ATTITUDE.roll	-0.0383535
6039	100	M100:ATTITUDE.roll	-0.0378379
7027	100	M100:ATTITUDE.roll	-0.0375153
7031	100	M100:ATTITUDE.roll	-0.0374523
7037	100	M100:ATTITUDE.roll	-0.0373048
7041	100	M100:ATTITUDE.roll	-0.037304
7047	100	M100:ATTITUDE.roll	-0.0374313
7051	100	M100:ATTITUDE.roll	-0.0374886
7057	100	M100:ATTITUDE.roll	-0.0373413
7061	100	M100:ATTITUDE.roll	-0.0372571
7067	100	M100:ATTITUDE.roll	-0.0371129
7071	100	M100:ATTITUDE.roll	-0.0372791
7077	100	M100:ATTITUDE.roll	-0.0371644
7081	100	M100:ATTITUDE.roll	-0.0372937
7087	100	M100:ATTITUDE.roll	-0.0373401
