0	100	M100:GLOBAL_POSITION_INT.lat	4.18798e+08
0	100	M100:GLOBAL_POSITION_INT.lon	1.27037e+08
489	100	M100:VFR_HUD.alt	5.35489
1007	100	M100:VFR_HUD.alt	5.35489
877	100	M100:GLOBAL_POSITION_INT.lat	4.18798e+08
877	100	M100:GLOBAL_POSITION_INT.lon	1.27037e+08
1555	100	M100:VFR_HUD.alt	5.35489
2103	100	M100:VFR_HUD.alt	5.35489
1958	100	M100:GLOBAL_POSITION_INT.lat	4.18798e+08
1958	100	M100:GLOBAL_POSITION_INT.lon	1.27037e+08
2589	100	M100:VFR_HUD.alt	5.35489
2995	100	M100:VFR_HUD.alt	5.35489
2850	100	M100:GLOBAL_POSITION_INT.lat	4.18798e+08
2850	100	M100:GLOBAL_POSITION_INT.lon	1.27037e+08
3576	100	M100:VFR_HUD.alt	5.35489
4124	100	M100:VFR_HUD.alt	5.35489
3979	100	M100:GLOBAL_POSITION_INT.lat	4.18798e+08
3979	100	M100:GLOBAL_POSITION_INT.lon	1.27037e+08
4469	100	M100:VFR_HUD.alt	5.35489
5000	100	M100:VFR_HUD.alt	5.35489
4871	100	M100:GLOBAL_POSITION_INT.lat	4.18798e+08
4871	100	M100:GLOBAL_POSITION_INT.lon	1.27037e+08
5548	100	M100:VFR_HUD.alt	5.35489
6097	100	M100:VFR_HUD.alt	5.35489
5952	100	M100:GLOBAL_POSITION_INT.lat	4.18798e+08
5952	100	M100:GLOBAL_POSITION_INT.lon	1.27037e+08
6645	100	M100:VFR_HUD.alt	5.35489
7037	100	M100:VFR_HUD.alt	5.35489
6906	100	M100:GLOBAL_POSITION_INT.lat	4.18798e+08
6906	100	M100:GLOBAL_POSITION_INT.lon	1.27037e+08
7573	100	M100:VFR_HUD.alt	5.35489
8122	100	M100:VFR_HUD.alt	5.35489
7961	100	M100:GLOBAL_POSITION_INT.lat	4.18798e+08
7961	100	M100:GLOBAL_POSITION_INT.lon	1.27037e+08
8466	100	M100:VFR_HUD.alt	5.35489
8987	100	M100:VFR_HUD.alt	20.2723
8918	100	M100:GLOBAL_POSITION_INT.lat	4.1881e+08
8918	100	M100:GLOBAL_POSITION_INT.lon	1.27027e+08
9539	100	M100:VFR_HUD.alt	22.4614
10086	100	M100:VFR_HUD.alt	21.9704
9987	100	M100:GLOBAL_POSITION_INT.lat	4.18809e+08
9987	100	M100:GLOBAL_POSITION_INT.lon	1.27028e+08
10479	100	M100:VFR_HUD.alt	21.1803
11015	100	M100:VFR_HUD.alt	20.0775
10884	100	M100:GLOBAL_POSITION_INT.lat	4.18808e+08
10884	100	M100:GLOBAL_POSITION_INT.lon	1.27028e+08
11565	100	M100:VFR_HUD.alt	19.2836
12191	100	M100:VFR_HUD.alt	18.9722
12249	100	M100:GLOBAL_POSITION_INT.lat	4.18808e+08
12249	100	M100:GLOBAL_POSITION_INT.lon	1.27029e+08
12504	100	M100:VFR_HUD.alt	18.1395
13053	100	M100:VFR_HUD.alt	16.687
12907	100	M100:GLOBAL_POSITION_INT.lat	4.18807e+08
12907	100	M100:GLOBAL_POSITION_INT.lon	1.27029e+08
13588	100	M100:VFR_HUD.alt	16.4357
14137	100	M100:VFR_HUD.alt	16.4357
13992	100	M100:GLOBAL_POSITION_INT.lat	4.18807e+08
13992	100	M100:GLOBAL_POSITION_INT.lon	1.27029e+08
14485	100	M100:VFR_HUD.alt	16.4357
15067	100	M100:VFR_HUD.alt	16.4357
14936	100	M100:GLOBAL_POSITION_INT.lat	4.18807e+08
14936	100	M100:GLOBAL_POSITION_INT.lon	1.27029e+08
15605	100	M100:VFR_HUD.alt	16.4357
16156	100	M100:VFR_HUD.alt	16.4357
16024	100	M100:GLOBAL_POSITION_INT.lat	4.18807e+08
16024	100	M100:GLOBAL_POSITION_INT.lon	1.27029e+08
16594	100	M100:VFR_HUD.alt	16.4357
17004	100	M100:VFR_HUD.alt	16.4357
16859	100	M100:GLOBAL_POSITION_INT.lat	4.18807e+08
16859	100	M100:GLOBAL_POSITION_INT.lon	1.27029e+08
17553	100	M100:VFR_HUD.alt	16.4357
18092	100	M100:VFR_HUD.alt	16.4357
17943	100	M100:GLOBAL_POSITION_INT.lat	4.18807e+08
17943	100	M100:GLOBAL_POSITION_INT.lon	1.27029e+08
18643	100	M100:VFR_HUD.alt	14.7912
18973	100	M100:VFR_HUD.alt	9.79487
18890	100	M100:GLOBAL_POSITION_INT.lat	4.18803e+08
18890	100	M100:GLOBAL_POSITION_INT.lon	1.27032e+08
19570	100	M100:VFR_HUD.alt	9.79487
20107	100	M100:VFR_HUD.alt	9.79487
19961	100	M100:GLOBAL_POSITION_INT.lat	4.18803e+08
19961	100	M100:GLOBAL_POSITION_INT.lon	1.27032e+08
20640	100	M100:VFR_HUD.alt	9.79487
20989	100	M100:VFR_HUD.alt	9.79487
20904	100	M100:GLOBAL_POSITION_INT.lat	4.18803e+08
20904	100	M100:GLOBAL_POSITION_INT.lon	1.27032e+08
21554	100	M100:VFR_HUD.alt	9.79487
22087	100	M100:VFR_HUD.alt	9.79487
21987	100	M100:GLOBAL_POSITION_INT.lat	4.18803e+08
21987	100	M100:GLOBAL_POSITION_INT.lon	1.27032e+08
22621	100	M100:VFR_HUD.alt	9.79487
23030	100	M100:VFR_HUD.alt	9.79487
22883	100	M100:GLOBAL_POSITION_INT.lat	4.18803e+08
22883	100	M100:GLOBAL_POSITION_INT.lon	1.27032e+08
23675	100	M100:VFR_HUD.alt	9.79487
24098	100	M100:VFR_HUD.alt	9.79487
24015	100	M100:GLOBAL_POSITION_INT.lat	4.18803e+08
24015	100	M100:GLOBAL_POSITION_INT.lon	1.27032e+08
24491	100	M100:VFR_HUD.alt	9.79487
25040	100	M100:VFR_HUD.alt	9.79487
24909	100	M100:GLOBAL_POSITION_INT.lat	4.18803e+08
24909	100	M100:GLOBAL_POSITION_INT.lon	1.27032e+08
25574	100	M100:VFR_HUD.alt	9.79487
26122	100	M100:VFR_HUD.alt	9.79487
25993	100	M100:GLOBAL_POSITION_INT.lat	4.18803e+08
25993	100	M100:GLOBAL_POSITION_INT.lon	1.27032e+08
26484	100	M100:VFR_HUD.alt	9.79487
27111	100	M100:VFR_HUD.alt	9.79487
27168	100	M100:GLOBAL_POSITION_INT.lat	4.18803e+08
27168	100	M100:GLOBAL_POSITION_INT.lon	1.27032e+08
27657	100	M100:VFR_HUD.alt	9.79487
28114	100	M100:VFR_HUD.alt	9.79487
27966	100	M100:GLOBAL_POSITION_INT.lat	4.18803e+08
27966	100	M100:GLOBAL_POSITION_INT.lon	1.27032e+08
28652	100	M100:VFR_HUD.alt	9.79487
29203	100	M100:VFR_HUD.alt	9.79487
29056	100	M100:GLOBAL_POSITION_INT.lat	4.18803e+08
29056	100	M100:GLOBAL_POSITION_INT.lon	1.27032e+08
29736	100	M100:VFR_HUD.alt	9.79487
30069	100	M100:VFR_HUD.alt	9.79487
29937	100	M100:GLOBAL_POSITION_INT.lat	4.18803e+08
29937	100	M100:GLOBAL_POSITION_INT.lon	1.27032e+08
30637	100	M100:VFR_HUD.alt	9.79487
31174	100	M100:VFR_HUD.alt	9.79487
31011	100	M100:GLOBAL_POSITION_INT.lat	4.18803e+08
31011	100	M100:GLOBAL_POSITION_INT.lon	1.27032e+08
31742	100	M100:VFR_HUD.alt	9.79487
32107	100	M100:VFR_HUD.alt	9.79487
31944	100	M100:GLOBAL_POSITION_INT.lat	4.18803e+08
31944	100	M100:GLOBAL_POSITION_INT.lon	1.27032e+08
32598	100	M100:VFR_HUD.alt	9.79487
33154	100	M100:VFR_HUD.alt	9.79487
33008	100	M100:GLOBAL_POSITION_INT.lat	4.18803e+08
33008	100	M100:GLOBAL_POSITION_INT.lon	1.27032e+08
33690	100	M100:VFR_HUD.alt	9.79487
34242	100	M100:VFR_HUD.alt	9.79487
33952	100	M100:GLOBAL_POSITION_INT.lat	4.18803e+08
33952	100	M100:GLOBAL_POSITION_INT.lon	1.27032e+08
34572	100	M100:VFR_HUD.alt	9.79487
35107	100	M100:VFR_HUD.alt	9.79487
35023	100	M100:GLOBAL_POSITION_INT.lat	4.18803e+08
35023	100	M100:GLOBAL_POSITION_INT.lon	1.27032e+08
35597	100	M100:VFR_HUD.alt	9.79487
36118	100	M100:VFR_HUD.alt	9.79487
36050	100	M100:GLOBAL_POSITION_INT.lat	4.18803e+08
36050	100	M100:GLOBAL_POSITION_INT.lon	1.27032e+08
36563	100	M100:VFR_HUD.alt	9.79487
37070	100	M100:VFR_HUD.alt	9.79487
36150	100	M100:GLOBAL_POSITION_INT.lat	4.18803e+08
36150	100	M100:GLOBAL_POSITION_INT.lon	1.27032e+08
37623	100	M100:VFR_HUD.alt	9.79487
39191	100	M100:VFR_HUD.alt	9.79487
38176	100	M100:GLOBAL_POSITION_INT.lat	4.18803e+08
38176	100	M100:GLOBAL_POSITION_INT.lon	1.27032e+08
39588	100	M100:VFR_HUD.alt	9.79487
40124	100	M100:VFR_HUD.alt	9.79487
39991	100	M100:GLOBAL_POSITION_INT.lat	4.18803e+08
39991	100	M100:GLOBAL_POSITION_INT.lon	1.27032e+08
40659	100	M100:VFR_HUD.alt	9.79487
41213	100	M100:VFR_HUD.alt	9.79487
41081	100	M100:GLOBAL_POSITION_INT.lat	4.18803e+08
41081	100	M100:GLOBAL_POSITION_INT.lon	1.27032e+08
41717	100	M100:VFR_HUD.alt	9.79487
42255	100	M100:VFR_HUD.alt	9.79487
42122	100	M100:GLOBAL_POSITION_INT.lat	4.18803e+08
42122	100	M100:GLOBAL_POSITION_INT.lon	1.27032e+08
42601	100	M100:VFR_HUD.alt	9.79487
43136	100	M100:VFR_HUD.alt	9.79487
43006	100	M100:GLOBAL_POSITION_INT.lat	4.18803e+08
43006	100	M100:GLOBAL_POSITION_INT.lon	1.27032e+08
43688	100	M100:VFR_HUD.alt	9.79487
44086	100	M100:VFR_HUD.alt	9.79487
44144	100	M100:GLOBAL_POSITION_INT.lat	4.18803e+08
44144	100	M100:GLOBAL_POSITION_INT.lon	1.27032e+08
44703	100	M100:VFR_HUD.alt	9.79487
45193	100	M100:VFR_HUD.alt	9.79487
44966	100	M100:GLOBAL_POSITION_INT.lat	4.18803e+08
44966	100	M100:GLOBAL_POSITION_INT.lon	1.27032e+08
45635	100	M100:VFR_HUD.alt	9.79487
46173	100	M100:VFR_HUD.alt	11.1625
46039	100	M100:GLOBAL_POSITION_INT.lat	4.18816e+08
46039	100	M100:GLOBAL_POSITION_INT.lon	1.27023e+08
46722	100	M100:VFR_HUD.alt	24.3822
47271	100	M100:VFR_HUD.alt	25.4581
46985	100	M100:GLOBAL_POSITION_INT.lat	4.18816e+08
46985	100	M100:GLOBAL_POSITION_INT.lon	1.27024e+08
47599	100	M100:VFR_HUD.alt	24.8604
48149	100	M100:VFR_HUD.alt	24.2907
48050	100	M100:GLOBAL_POSITION_INT.lat	4.18815e+08
48050	100	M100:GLOBAL_POSITION_INT.lon	1.27024e+08
48697	100	M100:VFR_HUD.alt	23.6984
49088	100	M100:VFR_HUD.alt	22.9359
48959	100	M100:GLOBAL_POSITION_INT.lat	4.18814e+08
48959	100	M100:GLOBAL_POSITION_INT.lon	1.27025e+08
49624	100	M100:VFR_HUD.alt	22.3383
50163	100	M100:VFR_HUD.alt	21.876
50079	100	M100:GLOBAL_POSITION_INT.lat	4.18814e+08
50079	100	M100:GLOBAL_POSITION_INT.lon	1.27025e+08
50713	100	M100:VFR_HUD.alt	21.1324
51103	100	M100:VFR_HUD.alt	20.5821
50973	100	M100:GLOBAL_POSITION_INT.lat	4.18813e+08
50973	100	M100:GLOBAL_POSITION_INT.lon	1.27026e+08
51653	100	M100:VFR_HUD.alt	20.0226
52200	100	M100:VFR_HUD.alt	19.4819
52055	100	M100:GLOBAL_POSITION_INT.lat	4.18812e+08
52055	100	M100:GLOBAL_POSITION_INT.lon	1.27026e+08
52747	100	M100:VFR_HUD.alt	19.2961
53138	100	M100:VFR_HUD.alt	19.2961
52992	100	M100:GLOBAL_POSITION_INT.lat	4.18812e+08
52992	100	M100:GLOBAL_POSITION_INT.lon	1.27026e+08
53623	100	M100:VFR_HUD.alt	19.2961
54170	100	M100:VFR_HUD.alt	19.2961
54041	100	M100:GLOBAL_POSITION_INT.lat	4.18812e+08
54041	100	M100:GLOBAL_POSITION_INT.lon	1.27026e+08
54719	100	M100:VFR_HUD.alt	19.2961
55255	100	M100:VFR_HUD.alt	19.2961
55126	100	M100:GLOBAL_POSITION_INT.lat	4.18812e+08
55126	100	M100:GLOBAL_POSITION_INT.lon	1.27026e+08
55619	100	M100:VFR_HUD.alt	19.2961
56151	100	M100:VFR_HUD.alt	19.2961
56006	100	M100:GLOBAL_POSITION_INT.lat	4.18812e+08
56006	100	M100:GLOBAL_POSITION_INT.lon	1.27026e+08
56701	100	M100:VFR_HUD.alt	19.2961
57252	100	M100:VFR_HUD.alt	19.2961
57105	100	M100:GLOBAL_POSITION_INT.lat	4.18812e+08
57105	100	M100:GLOBAL_POSITION_INT.lon	1.27026e+08
57628	100	M100:VFR_HUD.alt	19.2961
58163	100	M100:VFR_HUD.alt	19.2961
58017	100	M100:GLOBAL_POSITION_INT.lat	4.1881e+08
58017	100	M100:GLOBAL_POSITION_INT.lon	1.27029e+08
58713	100	M100:VFR_HUD.alt	15.1351
59261	100	M100:VFR_HUD.alt	14.33
58960	100	M100:GLOBAL_POSITION_INT.lat	4.18809e+08
58960	100	M100:GLOBAL_POSITION_INT.lon	1.27029e+08
59606	100	M100:VFR_HUD.alt	12.2766
60142	100	M100:VFR_HUD.alt	9.95932
60043	100	M100:GLOBAL_POSITION_INT.lat	4.18808e+08
60043	100	M100:GLOBAL_POSITION_INT.lon	1.2703e+08
60643	100	M100:VFR_HUD.alt	9.95932
61179	100	M100:VFR_HUD.alt	9.95932
61096	100	M100:GLOBAL_POSITION_INT.lat	4.18806e+08
61096	100	M100:GLOBAL_POSITION_INT.lon	1.27031e+08
61684	100	M100:VFR_HUD.alt	7.02469
62091	100	M100:VFR_HUD.alt	5.18591
61961	100	M100:GLOBAL_POSITION_INT.lat	4.18804e+08
61961	100	M100:GLOBAL_POSITION_INT.lon	1.27033e+08
62622	100	M100:VFR_HUD.alt	4.52729
63169	100	M100:VFR_HUD.alt	3.96287
63039	100	M100:GLOBAL_POSITION_INT.lat	4.18803e+08
63039	100	M100:GLOBAL_POSITION_INT.lon	1.27033e+08
63704	100	M100:VFR_HUD.alt	3.44109
64100	100	M100:VFR_HUD.alt	3.20658
63984	100	M100:GLOBAL_POSITION_INT.lat	4.18803e+08
63984	100	M100:GLOBAL_POSITION_INT.lon	1.27034e+08
64638	100	M100:VFR_HUD.alt	3.20658
65186	100	M100:VFR_HUD.alt	3.20658
65057	100	M100:GLOBAL_POSITION_INT.lat	4.18803e+08
65057	100	M100:GLOBAL_POSITION_INT.lon	1.27034e+08
65739	100	M100:VFR_HUD.alt	3.20658
66088	100	M100:VFR_HUD.alt	3.20658
66146	100	M100:GLOBAL_POSITION_INT.lat	4.18803e+08
66146	100	M100:GLOBAL_POSITION_INT.lon	1.27034e+08
66621	100	M100:VFR_HUD.alt	3.20658
67203	100	M100:VFR_HUD.alt	3.20658
67071	100	M100:GLOBAL_POSITION_INT.lat	4.18803e+08
67071	100	M100:GLOBAL_POSITION_INT.lon	1.27034e+08
67750	100	M100:VFR_HUD.alt	3.20658
68126	100	M100:VFR_HUD.alt	3.20658
67964	100	M100:GLOBAL_POSITION_INT.lat	4.18803e+08
67964	100	M100:GLOBAL_POSITION_INT.lon	1.27034e+08
68658	100	M100:VFR_HUD.alt	3.20658
69191	100	M100:VFR_HUD.alt	3.20658
69044	100	M100:GLOBAL_POSITION_INT.lat	4.18803e+08
69044	100	M100:GLOBAL_POSITION_INT.lon	1.27034e+08
69740	100	M100:VFR_HUD.alt	3.20658
70114	100	M100:VFR_HUD.alt	3.20658
69144	100	M100:GLOBAL_POSITION_INT.lat	4.18803e+08
69144	100	M100:GLOBAL_POSITION_INT.lon	1.27034e+08
70667	100	M100:VFR_HUD.alt	3.20658
71218	100	M100:VFR_HUD.alt	3.20658
71054	100	M100:GLOBAL_POSITION_INT.lat	4.18803e+08
71054	100	M100:GLOBAL_POSITION_INT.lon	1.27034e+08
71754	100	M100:VFR_HUD.alt	3.20658
72086	100	M100:VFR_HUD.alt	3.20658
72017	100	M100:GLOBAL_POSITION_INT.lat	4.18803e+08
72017	100	M100:GLOBAL_POSITION_INT.lon	1.27034e+08
72640	100	M100:VFR_HUD.alt	3.20658
73181	100	M100:VFR_HUD.alt	3.20658
73097	100	M100:GLOBAL_POSITION_INT.lat	4.18803e+08
73097	100	M100:GLOBAL_POSITION_INT.lon	1.27034e+08
73736	100	M100:VFR_HUD.alt	3.20658
74129	100	M100:VFR_HUD.alt	-0.621924
73984	100	M100:GLOBAL_POSITION_INT.lat	4.18799e+08
73984	100	M100:GLOBAL_POSITION_INT.lon	1.27035e+08
74646	100	M100:VFR_HUD.alt	-3.68966
75199	100	M100:VFR_HUD.alt	-4.16503
75097	100	M100:GLOBAL_POSITION_INT.lat	4.18799e+08
75097	100	M100:GLOBAL_POSITION_INT.lon	1.27035e+08
75606	100	M100:VFR_HUD.alt	-4.31659
76141	100	M100:VFR_HUD.alt	-4.42611
76026	100	M100:GLOBAL_POSITION_INT.lat	4.18799e+08
76026	100	M100:GLOBAL_POSITION_INT.lon	1.27035e+08
76692	100	M100:VFR_HUD.alt	-4.52782
77227	100	M100:VFR_HUD.alt	-4.66307
77096	100	M100:GLOBAL_POSITION_INT.lat	4.18799e+08
77096	100	M100:GLOBAL_POSITION_INT.lon	1.27035e+08
77761	100	M100:VFR_HUD.alt	-4.78804
78124	100	M100:VFR_HUD.alt	-4.91068
77977	100	M100:GLOBAL_POSITION_INT.lat	4.18799e+08
77977	100	M100:GLOBAL_POSITION_INT.lon	1.27035e+08
78704	100	M100:VFR_HUD.alt	-5.03991
79269	100	M100:VFR_HUD.alt	-5.17446
79105	100	M100:GLOBAL_POSITION_INT.lat	4.18799e+08
79105	100	M100:GLOBAL_POSITION_INT.lon	1.27035e+08
79614	100	M100:VFR_HUD.alt	-5.29372
80148	100	M100:VFR_HUD.alt	-5.44521
79986	100	M100:GLOBAL_POSITION_INT.lat	4.18799e+08
79986	100	M100:GLOBAL_POSITION_INT.lon	1.27035e+08
80686	100	M100:VFR_HUD.alt	-5.57518
81236	100	M100:VFR_HUD.alt	-5.65333
81075	100	M100:GLOBAL_POSITION_INT.lat	4.18799e+08
81075	100	M100:GLOBAL_POSITION_INT.lon	1.27035e+08
81772	100	M100:VFR_HUD.alt	-5.74073
82163	100	M100:VFR_HUD.alt	-5.84676
82034	100	M100:GLOBAL_POSITION_INT.lat	4.18799e+08
82034	100	M100:GLOBAL_POSITION_INT.lon	1.27035e+08
82713	100	M100:VFR_HUD.alt	-5.93845
83260	100	M100:VFR_HUD.alt	-6.02139
83099	100	M100:GLOBAL_POSITION_INT.lat	4.18799e+08
83099	100	M100:GLOBAL_POSITION_INT.lon	1.27035e+08
83840	100	M100:VFR_HUD.alt	-6.12889
84121	100	M100:VFR_HUD.alt	-6.24088
84054	100	M100:GLOBAL_POSITION_INT.lat	4.18799e+08
84054	100	M100:GLOBAL_POSITION_INT.lon	1.27035e+08
84674	100	M100:VFR_HUD.alt	-6.32796
85210	100	M100:VFR_HUD.alt	-6.40337
85143	100	M100:GLOBAL_POSITION_INT.lat	4.18799e+08
85143	100	M100:GLOBAL_POSITION_INT.lon	1.27035e+08
85604	100	M100:VFR_HUD.alt	-6.49751
86152	100	M100:VFR_HUD.alt	-6.56117
86069	100	M100:GLOBAL_POSITION_INT.lat	4.18799e+08
86069	100	M100:GLOBAL_POSITION_INT.lon	1.27035e+08
86684	100	M100:VFR_HUD.alt	-6.62281
87236	100	M100:VFR_HUD.alt	-6.72039
87151	100	M100:GLOBAL_POSITION_INT.lat	4.18799e+08
87151	100	M100:GLOBAL_POSITION_INT.lon	1.27035e+08
87645	100	M100:VFR_HUD.alt	-6.81464
88228	100	M100:VFR_HUD.alt	-6.88747
88097	100	M100:GLOBAL_POSITION_INT.lat	4.18799e+08
88097	100	M100:GLOBAL_POSITION_INT.lon	1.27035e+08
88606	100	M100:VFR_HUD.alt	-7.01771
89168	100	M100:VFR_HUD.alt	-7.10794
89008	100	M100:GLOBAL_POSITION_INT.lat	4.18799e+08
89008	100	M100:GLOBAL_POSITION_INT.lon	1.27035e+08
89701	100	M100:VFR_HUD.alt	-7.17609
90234	100	M100:VFR_HUD.alt	-7.24364
90105	100	M100:GLOBAL_POSITION_INT.lat	4.18799e+08
90105	100	M100:GLOBAL_POSITION_INT.lon	1.27035e+08
90784	100	M100:VFR_HUD.alt	-7.27752
91128	100	M100:VFR_HUD.alt	-7.28853
90983	100	M100:GLOBAL_POSITION_INT.lat	4.18799e+08
90983	100	M100:GLOBAL_POSITION_INT.lon	1.27035e+08
91678	100	M100:VFR_HUD.alt	-7.29178
92291	100	M100:VFR_HUD.alt	-7.28337
92115	100	M100:GLOBAL_POSITION_INT.lat	4.18799e+08
92115	100	M100:GLOBAL_POSITION_INT.lon	1.27035e+08
92604	100	M100:VFR_HUD.alt	-7.30085
93151	100	M100:VFR_HUD.alt	-7.31513
93006	100	M100:GLOBAL_POSITION_INT.lat	4.18799e+08
93006	100	M100:GLOBAL_POSITION_INT.lon	1.27035e+08
93683	100	M100:VFR_HUD.alt	-7.31842
94184	100	M100:GLOBAL_POSITION_INT.lat	4.18799e+08
94184	100	M100:GLOBAL_POSITION_INT.lon	1.27035e+08
95894	100	M100:VFR_HUD.alt	-7.32863
96225	100	M100:VFR_HUD.alt	-7.33308
95999	100	M100:GLOBAL_POSITION_INT.lat	4.18799e+08
95999	100	M100:GLOBAL_POSITION_INT.lon	1.27035e+08
96601	100	M100:VFR_HUD.alt	-7.33694
97151	100	M100:VFR_HUD.alt	-7.3588
98077	100	M100:VFR_HUD.alt	-7.01351
97183	100	M100:GLOBAL_POSITION_INT.lat	4.18799e+08
97183	100	M100:GLOBAL_POSITION_INT.lon	1.27035e+08
98702	100	M100:VFR_HUD.alt	-6.79749
99265	100	M100:VFR_HUD.alt	-6.64828
99104	100	M100:GLOBAL_POSITION_INT.lat	4.18799e+08
99104	100	M100:GLOBAL_POSITION_INT.lon	1.27035e+08
99641	100	M100:VFR_HUD.alt	-6.50919
100176	100	M100:VFR_HUD.alt	-6.38478
100046	100	M100:GLOBAL_POSITION_INT.lat	4.18799e+08
100046	100	M100:GLOBAL_POSITION_INT.lon	1.27035e+08
100146	100	M100:GLOBAL_POSITION_INT.lat	4.18799e+08
100146	100	M100:GLOBAL_POSITION_INT.lon	1.27035e+08
101671	100	M100:VFR_HUD.alt	-6.13904
102174	100	M100:VFR_HUD.alt	-6.07037
102045	100	M100:GLOBAL_POSITION_INT.lat	4.18799e+08
102045	100	M100:GLOBAL_POSITION_INT.lon	1.27035e+08
102722	100	M100:VFR_HUD.alt	-5.97868
103113	100	M100:VFR_HUD.alt	-5.91994
103124	100	M100:GLOBAL_POSITION_INT.lat	4.18799e+08
103124	100	M100:GLOBAL_POSITION_INT.lon	1.27035e+08
103660	100	M100:VFR_HUD.alt	-6.01872
104192	100	M100:VFR_HUD.alt	-6.20604
104047	100	M100:GLOBAL_POSITION_INT.lat	4.18799e+08
104047	100	M100:GLOBAL_POSITION_INT.lon	1.27035e+08
104599	100	M100:VFR_HUD.alt	-6.39692
105131	100	M100:VFR_HUD.alt	-6.56733
104986	100	M100:GLOBAL_POSITION_INT.lat	4.18799e+08
104986	100	M100:GLOBAL_POSITION_INT.lon	1.27035e+08
105693	100	M100:VFR_HUD.alt	-6.6508
106225	100	M100:VFR_HUD.alt	-6.56511
106064	100	M100:GLOBAL_POSITION_INT.lat	4.18799e+08
106064	100	M100:GLOBAL_POSITION_INT.lon	1.27035e+08
106773	100	M100:VFR_HUD.alt	-6.40978
107101	100	M100:VFR_HUD.alt	-6.30252
107018	100	M100:GLOBAL_POSITION_INT.lat	4.18799e+08
107018	100	M100:GLOBAL_POSITION_INT.lon	1.27035e+08
107745	100	M100:VFR_HUD.alt	-6.1907
109111	100	M100:VFR_HUD.alt	-5.828
